<?xml version="1.0" encoding="UTF-8"?>
<testsuite xmlns:xsi="http://www.w3.org/2001/XMLSchema-instance" xsi:noNamespaceSchemaLocation="https://maven.apache.org/surefire/maven-surefire-plugin/xsd/surefire-test-report-3.0.xsd" version="3.0" name="edu.uic.cs454.s25.a5.Test01_SingleBus" time="0.058" tests="12" errors="0" skipped="0" failures="0">
  <properties>
    <property name="sun.desktop" value="windows"/>
    <property name="awt.toolkit" value="sun.awt.windows.WToolkit"/>
    <property name="java.specification.version" value="11"/>
    <property name="sun.cpu.isalist" value="amd64"/>
    <property name="sun.jnu.encoding" value="Cp1252"/>
    <property name="java.class.path" value="C:\Users\Ezra\cs454\cs454-s25-a5-jsee4\target\test-classes;C:\Users\Ezra\cs454\cs454-s25-a5-jsee4\target\classes;C:\Users\Ezra\.m2\repository\junit\junit\4.13\junit-4.13.jar;C:\Users\Ezra\.m2\repository\org\hamcrest\hamcrest-core\1.3\hamcrest-core-1.3.jar;"/>
    <property name="java.vm.vendor" value="Oracle Corporation"/>
    <property name="sun.arch.data.model" value="64"/>
    <property name="user.variant" value=""/>
    <property name="java.vendor.url" value="http://java.oracle.com/"/>
    <property name="user.timezone" value="America/Chicago"/>
    <property name="java.vm.specification.version" value="11"/>
    <property name="os.name" value="Windows 10"/>
    <property name="sun.java.launcher" value="SUN_STANDARD"/>
    <property name="user.country" value="US"/>
    <property name="sun.boot.library.path" value="C:\Program Files\Java\jdk-11\bin"/>
    <property name="sun.java.command" value="C:\Users\Ezra\AppData\Local\Temp\surefire12778672325727239071\surefirebooter-20250425214019351_3.jar C:\Users\Ezra\AppData\Local\Temp\surefire12778672325727239071 2025-04-25T21-40-19_173-jvmRun1 surefire-20250425214019351_1tmp surefire_0-20250425214019351_2tmp"/>
    <property name="jdk.debug" value="release"/>
    <property name="surefire.test.class.path" value="C:\Users\Ezra\cs454\cs454-s25-a5-jsee4\target\test-classes;C:\Users\Ezra\cs454\cs454-s25-a5-jsee4\target\classes;C:\Users\Ezra\.m2\repository\junit\junit\4.13\junit-4.13.jar;C:\Users\Ezra\.m2\repository\org\hamcrest\hamcrest-core\1.3\hamcrest-core-1.3.jar;"/>
    <property name="sun.cpu.endian" value="little"/>
    <property name="user.home" value="C:\Users\Ezra"/>
    <property name="user.language" value="en"/>
    <property name="java.specification.vendor" value="Oracle Corporation"/>
    <property name="java.version.date" value="2018-09-25"/>
    <property name="java.home" value="C:\Program Files\Java\jdk-11"/>
    <property name="file.separator" value="\"/>
    <property name="basedir" value="C:\Users\Ezra\cs454\cs454-s25-a5-jsee4"/>
    <property name="java.vm.compressedOopsMode" value="Zero based"/>
    <property name="line.separator" value="&#10;"/>
    <property name="java.specification.name" value="Java Platform API Specification"/>
    <property name="java.vm.specification.vendor" value="Oracle Corporation"/>
    <property name="java.awt.graphicsenv" value="sun.awt.Win32GraphicsEnvironment"/>
    <property name="surefire.real.class.path" value="C:\Users\Ezra\AppData\Local\Temp\surefire12778672325727239071\surefirebooter-20250425214019351_3.jar"/>
    <property name="user.script" value=""/>
    <property name="sun.management.compiler" value="HotSpot 64-Bit Tiered Compilers"/>
    <property name="java.runtime.version" value="11+28"/>
    <property name="user.name" value="Ezra"/>
    <property name="path.separator" value=";"/>
    <property name="os.version" value="10.0"/>
    <property name="java.runtime.name" value="Java(TM) SE Runtime Environment"/>
    <property name="file.encoding" value="Cp1252"/>
    <property name="java.vm.name" value="Java HotSpot(TM) 64-Bit Server VM"/>
    <property name="java.vendor.version" value="18.9"/>
    <property name="localRepository" value="C:\Users\Ezra\.m2\repository"/>
    <property name="java.vendor.url.bug" value="http://bugreport.java.com/bugreport/"/>
    <property name="java.io.tmpdir" value="C:\Users\Ezra\AppData\Local\Temp\"/>
    <property name="java.version" value="11"/>
    <property name="user.dir" value="C:\Users\Ezra\cs454\cs454-s25-a5-jsee4"/>
    <property name="os.arch" value="amd64"/>
    <property name="java.vm.specification.name" value="Java Virtual Machine Specification"/>
    <property name="java.awt.printerjob" value="sun.awt.windows.WPrinterJob"/>
    <property name="sun.os.patch.level" value=""/>
    <property name="java.library.path" value="C:\Program Files\Java\jdk-11\bin;C:\Windows\Sun\Java\bin;C:\Windows\system32;C:\Windows;C:\Program Files (x86)\Google\Chrome\Application;C:\Program Files\Java\jdk-11\bin;C:\Program Files\Common Files\Oracle\Java\javapath;C:\Program Files (x86)\Common Files\Oracle\Java\javapath;C:\Program Files (x86)\VMware\VMware Player\bin\;C:\Windows\system32;C:\Windows;C:\Windows\System32\Wbem;C:\Windows\System32\WindowsPowerShell\v1.0\;C:\Windows\System32\OpenSSH\;C:\Program Files (x86)\NVIDIA Corporation\PhysX\Common;C:\Program Files\PuTTY\;C:\Users\Ezra\AppData\Local\Programs\Python\Python311;C:\Users\Ezra\AppData\Local\Programs\Python\Python311\Scripts;C:\Program Files\dotnet\;C:\FFMPEG;C:\Program Files\Git\cmd;C:\Program Files (x86)\dotnet\;C:\Program Files\nodejs\;C:\Program Files (x86)\Vim\vim90;C:\Program Files\bin;C:\Program Files\NVIDIA Corporation\NVIDIA NvDLISR;C:\Users\Ezra\Downloads\apache-maven-3.9.9-bin\apache-maven-3.9.9\bin;C:\Program Files\Git\usr\bin;C:\Users\Ezra\AppData\Local\Microsoft\WindowsApps;C:\Users\Ezra\AppData\Local\Programs\Microsoft VS Code\bin;C:\ffmpeg\bin;C:\Users\Ezra\AppData\Roaming\npm;C:\Windows\System32;C:\Program Files (x86)\Vim\vim90;C:\Users\Ezra\Desktop\myPath;C:\Users\Ezra\Desktop\myPath\SorPackCrawler;C:\mingw64\bin;C:\Users\Ezra\.dotnet\tools;."/>
    <property name="java.vendor" value="Oracle Corporation"/>
    <property name="java.vm.info" value="mixed mode"/>
    <property name="java.vm.version" value="11+28"/>
    <property name="sun.io.unicode.encoding" value="UnicodeLittle"/>
    <property name="java.class.version" value="55.0"/>
  </properties>
  <testcase name="testCapacitySameDescription" classname="edu.uic.cs454.s25.a5.Test01_SingleBus" time="0.008"/>
  <testcase name="testRemoveFromBus" classname="edu.uic.cs454.s25.a5.Test01_SingleBus" time="0.0"/>
  <testcase name="testTickets" classname="edu.uic.cs454.s25.a5.Test01_SingleBus" time="0.0"/>
  <testcase name="testUsingOwnSet" classname="edu.uic.cs454.s25.a5.Test01_SingleBus" time="0.001"/>
  <testcase name="testRemoveFromEmptyBus" classname="edu.uic.cs454.s25.a5.Test01_SingleBus" time="0.0"/>
  <testcase name="testRemoveTicketsNotInBus" classname="edu.uic.cs454.s25.a5.Test01_SingleBus" time="0.001"/>
  <testcase name="testBusIdentity" classname="edu.uic.cs454.s25.a5.Test01_SingleBus" time="0.0"/>
  <testcase name="testRemoveTicketNotInBus" classname="edu.uic.cs454.s25.a5.Test01_SingleBus" time="0.0"/>
  <testcase name="testSetIdentity" classname="edu.uic.cs454.s25.a5.Test01_SingleBus" time="0.0"/>
  <testcase name="testMaxCapacity" classname="edu.uic.cs454.s25.a5.Test01_SingleBus" time="0.001"/>
  <testcase name="testRemoveFromNowEmptyBus" classname="edu.uic.cs454.s25.a5.Test01_SingleBus" time="0.0"/>
  <testcase name="testCapacityAdd" classname="edu.uic.cs454.s25.a5.Test01_SingleBus" time="0.0"/>
</testsuite>