<?xml version="1.0" encoding="UTF-8"?>
<testsuite xmlns:xsi="http://www.w3.org/2001/XMLSchema-instance" xsi:noNamespaceSchemaLocation="https://maven.apache.org/surefire/maven-surefire-plugin/xsd/surefire-test-report.xsd" name="MyMoneyTest" time="0.07" tests="13" errors="0" skipped="0" failures="0">
  <properties>
    <property name="sun.desktop" value="windows"/>
    <property name="awt.toolkit" value="sun.awt.windows.WToolkit"/>
    <property name="java.specification.version" value="11"/>
    <property name="sun.cpu.isalist" value="amd64"/>
    <property name="sun.jnu.encoding" value="Cp1252"/>
    <property name="java.class.path" value="C:\Users\Ezra\Documents\Projects\Playground\java\HomeworkTwo\target\test-classes;C:\Users\Ezra\Documents\Projects\Playground\java\HomeworkTwo\target\classes;C:\Users\Ezra\.m2\repository\org\junit\jupiter\junit-jupiter\5.9.1\junit-jupiter-5.9.1.jar;C:\Users\Ezra\.m2\repository\org\junit\jupiter\junit-jupiter-api\5.9.1\junit-jupiter-api-5.9.1.jar;C:\Users\Ezra\.m2\repository\org\opentest4j\opentest4j\1.2.0\opentest4j-1.2.0.jar;C:\Users\Ezra\.m2\repository\org\junit\platform\junit-platform-commons\1.9.1\junit-platform-commons-1.9.1.jar;C:\Users\Ezra\.m2\repository\org\apiguardian\apiguardian-api\1.1.2\apiguardian-api-1.1.2.jar;C:\Users\Ezra\.m2\repository\org\junit\jupiter\junit-jupiter-params\5.9.1\junit-jupiter-params-5.9.1.jar;C:\Users\Ezra\.m2\repository\org\junit\jupiter\junit-jupiter-engine\5.9.1\junit-jupiter-engine-5.9.1.jar;C:\Users\Ezra\.m2\repository\org\junit\platform\junit-platform-engine\1.9.1\junit-platform-engine-1.9.1.jar;"/>
    <property name="java.vm.vendor" value="Oracle Corporation"/>
    <property name="sun.arch.data.model" value="64"/>
    <property name="user.variant" value=""/>
    <property name="java.vendor.url" value="http://java.oracle.com/"/>
    <property name="user.timezone" value="America/Chicago"/>
    <property name="java.vm.specification.version" value="11"/>
    <property name="os.name" value="Windows 10"/>
    <property name="sun.java.launcher" value="SUN_STANDARD"/>
    <property name="user.country" value="US"/>
    <property name="sun.boot.library.path" value="C:\Program Files\Java\jdk-11\bin"/>
    <property name="sun.java.command" value="C:\Users\Ezra\AppData\Local\Temp\surefire977020541592534057\surefirebooter13070457049251916836.jar C:\Users\Ezra\AppData\Local\Temp\surefire977020541592534057 2024-10-02T19-59-23_865-jvmRun1 surefire4808366150030434453tmp surefire_010627523554297263013tmp"/>
    <property name="jdk.debug" value="release"/>
    <property name="surefire.test.class.path" value="C:\Users\Ezra\Documents\Projects\Playground\java\HomeworkTwo\target\test-classes;C:\Users\Ezra\Documents\Projects\Playground\java\HomeworkTwo\target\classes;C:\Users\Ezra\.m2\repository\org\junit\jupiter\junit-jupiter\5.9.1\junit-jupiter-5.9.1.jar;C:\Users\Ezra\.m2\repository\org\junit\jupiter\junit-jupiter-api\5.9.1\junit-jupiter-api-5.9.1.jar;C:\Users\Ezra\.m2\repository\org\opentest4j\opentest4j\1.2.0\opentest4j-1.2.0.jar;C:\Users\Ezra\.m2\repository\org\junit\platform\junit-platform-commons\1.9.1\junit-platform-commons-1.9.1.jar;C:\Users\Ezra\.m2\repository\org\apiguardian\apiguardian-api\1.1.2\apiguardian-api-1.1.2.jar;C:\Users\Ezra\.m2\repository\org\junit\jupiter\junit-jupiter-params\5.9.1\junit-jupiter-params-5.9.1.jar;C:\Users\Ezra\.m2\repository\org\junit\jupiter\junit-jupiter-engine\5.9.1\junit-jupiter-engine-5.9.1.jar;C:\Users\Ezra\.m2\repository\org\junit\platform\junit-platform-engine\1.9.1\junit-platform-engine-1.9.1.jar;"/>
    <property name="sun.cpu.endian" value="little"/>
    <property name="user.home" value="C:\Users\Ezra"/>
    <property name="user.language" value="en"/>
    <property name="java.specification.vendor" value="Oracle Corporation"/>
    <property name="java.version.date" value="2018-09-25"/>
    <property name="java.home" value="C:\Program Files\Java\jdk-11"/>
    <property name="file.separator" value="\"/>
    <property name="basedir" value="C:\Users\Ezra\Documents\Projects\Playground\java\HomeworkTwo"/>
    <property name="java.vm.compressedOopsMode" value="Zero based"/>
    <property name="line.separator" value="&#10;"/>
    <property name="java.specification.name" value="Java Platform API Specification"/>
    <property name="java.vm.specification.vendor" value="Oracle Corporation"/>
    <property name="java.awt.graphicsenv" value="sun.awt.Win32GraphicsEnvironment"/>
    <property name="surefire.real.class.path" value="C:\Users\Ezra\AppData\Local\Temp\surefire977020541592534057\surefirebooter13070457049251916836.jar"/>
    <property name="user.script" value=""/>
    <property name="sun.management.compiler" value="HotSpot 64-Bit Tiered Compilers"/>
    <property name="java.runtime.version" value="11+28"/>
    <property name="user.name" value="Ezra"/>
    <property name="path.separator" value=";"/>
    <property name="os.version" value="10.0"/>
    <property name="java.runtime.name" value="Java(TM) SE Runtime Environment"/>
    <property name="file.encoding" value="Cp1252"/>
    <property name="java.vm.name" value="Java HotSpot(TM) 64-Bit Server VM"/>
    <property name="java.vendor.version" value="18.9"/>
    <property name="localRepository" value="C:\Users\Ezra\.m2\repository"/>
    <property name="java.vendor.url.bug" value="http://bugreport.java.com/bugreport/"/>
    <property name="java.io.tmpdir" value="C:\Users\Ezra\AppData\Local\Temp\"/>
    <property name="java.version" value="11"/>
    <property name="user.dir" value="C:\Users\Ezra\Documents\Projects\Playground\java\HomeworkTwo"/>
    <property name="os.arch" value="amd64"/>
    <property name="java.vm.specification.name" value="Java Virtual Machine Specification"/>
    <property name="java.awt.printerjob" value="sun.awt.windows.WPrinterJob"/>
    <property name="sun.os.patch.level" value=""/>
    <property name="java.library.path" value="C:\Program Files\Java\jdk-11\bin;C:\Windows\Sun\Java\bin;C:\Windows\system32;C:\Windows;C:\Program Files\Common Files\Oracle\Java\javapath;C:\Program Files (x86)\Common Files\Oracle\Java\javapath;C:\Program Files\Java\jdk-11\bin;C:\Program Files (x86)\VMware\VMware Player\bin\;C:\Windows\system32;C:\Windows;C:\Windows\System32\Wbem;C:\Windows\System32\WindowsPowerShell\v1.0\;C:\Windows\System32\OpenSSH\;C:\Program Files (x86)\NVIDIA Corporation\PhysX\Common;C:\Program Files\PuTTY\;C:\Users\Ezra\AppData\Local\Programs\Python\Python311;C:\Users\Ezra\AppData\Local\Programs\Python\Python311\Scripts;C:\Program Files\dotnet\;C:\FFMPEG;C:\Program Files\Git\cmd;C:\Program Files (x86)\dotnet\;C:\Program Files\nodejs\;C:\Program Files (x86)\Vim\vim90;C:\Program Files\bin;C:\Program Files\NVIDIA Corporation\NVIDIA NvDLISR;C:\Users\Ezra\Downloads\apache-maven-3.9.9-bin\apache-maven-3.9.9\bin;C:\Users\Ezra\AppData\Local\Microsoft\WindowsApps;C:\Users\Ezra\AppData\Local\Programs\Microsoft VS Code\bin;C:\ffmpeg\bin;C:\Users\Ezra\AppData\Roaming\npm;C:\Windows\System32;C:\Program Files (x86)\Vim\vim90;C:\Users\Ezra\Desktop\myPath;C:\Users\Ezra\Desktop\myPath\SorPackCrawler;C:\mingw64\bin;;."/>
    <property name="java.vendor" value="Oracle Corporation"/>
    <property name="java.vm.info" value="mixed mode"/>
    <property name="java.vm.version" value="11+28"/>
    <property name="sun.io.unicode.encoding" value="UnicodeLittle"/>
    <property name="java.class.version" value="55.0"/>
  </properties>
  <testcase name="lumpSum_VariableRate1" classname="MyMoneyTest" time="0.008"/>
  <testcase name="lumpSum_VariableRate2" classname="MyMoneyTest" time="0"/>
  <testcase name="lumpSum_ConstantRate1" classname="MyMoneyTest" time="0"/>
  <testcase name="lumpSum_ConstantRate2" classname="MyMoneyTest" time="0.001"/>
  <testcase name="testHasInterest" classname="MyMoneyTest" time="0.001"/>
  <testcase name="testReadInFile{String}[1]" classname="MyMoneyTest" time="0.014"/>
  <testcase name="testReadInFile{String}[2]" classname="MyMoneyTest" time="0.001"/>
  <testcase name="compoundSavings_variableContribution1" classname="MyMoneyTest" time="0"/>
  <testcase name="compoundSavings_variableContribution2" classname="MyMoneyTest" time="0"/>
  <testcase name="testHasBoth" classname="MyMoneyTest" time="0.001"/>
  <testcase name="testHasCash" classname="MyMoneyTest" time="0"/>
  <testcase name="compoundSavings_sameContribution1" classname="MyMoneyTest" time="0.003"/>
  <testcase name="compoundSavings_sameContribution2" classname="MyMoneyTest" time="0.001"/>
</testsuite>